2
4649
Loading vectors...
Normalizing
Starting...
2
4649
Loading vectors...
Normalizing
Starting...
Loading vectors...
2
4649
Loading vectors...
Learning TM...
Testing...
2
4649
Loading vectors...
Normalizing
Starting...
2
4649
Loading vectors...
Normalizing
Starting...
2
4649
Loading vectors...
Normalizing
Starting...
Loading vectors...
2
4649
Loading vectors...
Learning TM...
Testing...
2
4649
Loading vectors...
Normalizing
Starting...
2
4649
Loading vectors...
Normalizing
Starting...
2
4649
Loading vectors...
Normalizing
Starting...
Loading vectors...
2
4649
Loading vectors...
Learning TM...
Testing...
2
4649
Loading vectors...
Normalizing
Starting...
2
4649
Loading vectors...
Normalizing
Starting...
2
4649
Loading vectors...
Normalizing
Starting...
Loading vectors...
2
4649
Loading vectors...
Learning TM...
Testing...
2
4649
Loading vectors...
Normalizing
Starting...
1
4649
Loading vectors...
Normalizing
Starting...
1
4649
Loading vectors...
Normalizing
Starting...
Loading vectors...
1
4649
Loading vectors...
Learning TM...
Testing...
1
4649
Loading vectors...
Normalizing
Starting...
1
4649
Loading vectors...
Normalizing
Starting...
1
4649
Loading vectors...
Normalizing
Starting...
Loading vectors...
1
4649
Loading vectors...
Learning TM...
Testing...
1
4649
Loading vectors...
Normalizing
Starting...
1
4649
Loading vectors...
Normalizing
Starting...
1
4649
Loading vectors...
Normalizing
Starting...
Loading vectors...
1
4649
Loading vectors...
Learning TM...
Testing...
1
4649
Loading vectors...
Normalizing
Starting...
1
4649
Loading vectors...
Normalizing
Starting...
1
4649
Loading vectors...
Normalizing
Starting...
Loading vectors...
1
4649
Loading vectors...
Learning TM...
Testing...
1
4649
Loading vectors...
Normalizing
Starting...
stai senza pensieri
